<?xml version="1.0" encoding="UTF-8"?>
<!-- Generated by org.testng.reporters.JUnitReportReporter -->
<testsuite skipped="0" hostname="Sathish-PC" name="com.Automation.StepDef.YoutubeSearch" tests="1" failures="0" timestamp="18 Mar 2020 14:51:32 GMT" time="9.361" errors="0">
  <testcase name="demo" time="9.361" classname="com.Automation.StepDef.YoutubeSearch"/>
</testsuite> <!-- com.Automation.StepDef.YoutubeSearch -->
